Using pre-set license
Built from '2021.3/staging' branch; Version is '2021.3.19f1 (c9714fde33b6) revision 13201743'; Using compiler version '192829333'; Build Type 'Release'
OS: 'Windows 11  (10.0.22621) 64bit Core' Language: 'en' Physical Memory: 16149 MB
BatchMode: 1, IsHumanControllingUs: 0, StartBugReporterOnCrash: 0, Is64bit: 1, IsPro: 1

COMMAND LINE ARGUMENTS:
C:\Program Files\Unity 2021.3.19f1\Editor\Unity.exe
-adb2
-batchMode
-noUpm
-name
AssetImportWorker1
-projectPath
C:/Users/thecr/Documents/GameDesign/LightingEffects-Bailey/Lighting Effects
-logFile
Logs/AssetImportWorker1.log
-srvPort
62682
Successfully changed project path to: C:/Users/thecr/Documents/GameDesign/LightingEffects-Bailey/Lighting Effects
C:/Users/thecr/Documents/GameDesign/LightingEffects-Bailey/Lighting Effects
[UnityMemory] Configuration Parameters - Can be set up in boot.config
    "memorysetup-bucket-allocator-granularity=16"
    "memorysetup-bucket-allocator-bucket-count=8"
    "memorysetup-bucket-allocator-block-size=33554432"
    "memorysetup-bucket-allocator-block-count=8"
    "memorysetup-main-allocator-block-size=16777216"
    "memorysetup-thread-allocator-block-size=16777216"
    "memorysetup-gfx-main-allocator-block-size=16777216"
    "memorysetup-gfx-thread-allocator-block-size=16777216"
    "memorysetup-cache-allocator-block-size=4194304"
    "memorysetup-typetree-allocator-block-size=2097152"
    "memorysetup-profiler-bucket-allocator-granularity=16"
    "memorysetup-profiler-bucket-allocator-bucket-count=8"
    "memorysetup-profiler-bucket-allocator-block-size=33554432"
    "memorysetup-profiler-bucket-allocator-block-count=8"
    "memorysetup-profiler-allocator-block-size=16777216"
    "memorysetup-profiler-editor-allocator-block-size=1048576"
    "memorysetup-temp-allocator-size-main=16777216"
    "memorysetup-job-temp-allocator-block-size=2097152"
    "memorysetup-job-temp-allocator-block-size-background=1048576"
    "memorysetup-job-temp-allocator-reduction-small-platforms=262144"
    "memorysetup-temp-allocator-size-background-worker=32768"
    "memorysetup-temp-allocator-size-job-worker=262144"
    "memorysetup-temp-allocator-size-preload-manager=33554432"
    "memorysetup-temp-allocator-size-nav-mesh-worker=65536"
    "memorysetup-temp-allocator-size-audio-worker=65536"
    "memorysetup-temp-allocator-size-cloud-worker=32768"
    "memorysetup-temp-allocator-size-gi-baking-worker=262144"
    "memorysetup-temp-allocator-size-gfx=262144"
Player connection [23128] Host "[IP] 192.168.254.49 [Port] 0 [Flags] 2 [Guid] 1460975809 [EditorId] 1460975809 [Version] 1048832 [Id] WindowsEditor(7,LAPTOP-LFC6IMOQ) [Debug] 1 [PackageName] WindowsEditor [ProjectName] Editor" joined multi-casting on [225.0.0.222:54997]...

Player connection [23128] Host "[IP] 192.168.254.49 [Port] 0 [Flags] 2 [Guid] 1460975809 [EditorId] 1460975809 [Version] 1048832 [Id] WindowsEditor(7,LAPTOP-LFC6IMOQ) [Debug] 1 [PackageName] WindowsEditor [ProjectName] Editor" joined alternative multi-casting on [225.0.0.222:34997]...

Refreshing native plugins compatible for Editor in 23.51 ms, found 2 plugins.
Preloading 0 native plugins for Editor in 0.00 ms.
Initialize engine version: 2021.3.19f1 (c9714fde33b6)
[Subsystems] Discovering subsystems at path C:/Program Files/Unity 2021.3.19f1/Editor/Data/Resources/UnitySubsystems
[Subsystems] Discovering subsystems at path C:/Users/thecr/Documents/GameDesign/LightingEffects-Bailey/Lighting Effects/Assets
GfxDevice: creating device client; threaded=0; jobified=0
Direct3D:
    Version:  Direct3D 11.0 [level 11.1]
    Renderer: NVIDIA GeForce MX450 (ID=0x1f97)
    Vendor:   NVIDIA
    VRAM:     1920 MB
    Driver:   31.0.15.3742
Initialize mono
Mono path[0] = 'C:/Program Files/Unity 2021.3.19f1/Editor/Data/Managed'
Mono path[1] = 'C:/Program Files/Unity 2021.3.19f1/Editor/Data/MonoBleedingEdge/lib/mono/unityjit-win32'
Mono config path = 'C:/Program Files/Unity 2021.3.19f1/Editor/Data/MonoBleedingEdge/etc'
Using monoOptions --debugger-agent=transport=dt_socket,embedding=1,server=y,suspend=n,address=127.0.0.1:56968
Begin MonoManager ReloadAssembly
Registering precompiled unity dll's ...
Register platform support module: C:/Program Files/Unity 2021.3.19f1/Editor/Data/PlaybackEngines/WindowsStandaloneSupport/UnityEditor.WindowsStandalone.Extensions.dll
Registered in 0.016982 seconds.
Native extension for WindowsStandalone target not found
Refreshing native plugins compatible for Editor in 28.87 ms, found 2 plugins.
Preloading 0 native plugins for Editor in 0.00 ms.
Mono: successfully reloaded assembly
- Completed reload, in  0.709 seconds
Domain Reload Profiling:
	ReloadAssembly (710ms)
		BeginReloadAssembly (119ms)
			ExecutionOrderSort (0ms)
			DisableScriptedObjects (0ms)
			BackupInstance (0ms)
			ReleaseScriptingObjects (0ms)
			CreateAndSetChildDomain (1ms)
		EndReloadAssembly (440ms)
			LoadAssemblies (114ms)
			RebuildTransferFunctionScriptingTraits (0ms)
			SetupTypeCache (135ms)
			ReleaseScriptCaches (0ms)
			RebuildScriptCaches (26ms)
			SetupLoadedEditorAssemblies (219ms)
				LogAssemblyErrors (0ms)
				InitializePlatformSupportModulesInManaged (8ms)
				SetLoadedEditorAssemblies (0ms)
				RefreshPlugins (29ms)
				BeforeProcessingInitializeOnLoad (2ms)
				ProcessInitializeOnLoadAttributes (135ms)
				ProcessInitializeOnLoadMethodAttributes (45ms)
				AfterProcessingInitializeOnLoad (0ms)
				EditorAssembliesLoaded (0ms)
			ExecutionOrderSort2 (0ms)
			AwakeInstancesAfterBackupRestoration (0ms)
Platform modules already initialized, skipping
Registering precompiled user dll's ...
Registered in 0.004716 seconds.
Begin MonoManager ReloadAssembly
Native extension for WindowsStandalone target not found
Refreshing native plugins compatible for Editor in 0.25 ms, found 2 plugins.
Preloading 0 native plugins for Editor in 0.00 ms.
Mono: successfully reloaded assembly
- Completed reload, in  0.847 seconds
Domain Reload Profiling:
	ReloadAssembly (848ms)
		BeginReloadAssembly (112ms)
			ExecutionOrderSort (0ms)
			DisableScriptedObjects (6ms)
			BackupInstance (0ms)
			ReleaseScriptingObjects (0ms)
			CreateAndSetChildDomain (16ms)
		EndReloadAssembly (624ms)
			LoadAssemblies (76ms)
			RebuildTransferFunctionScriptingTraits (0ms)
			SetupTypeCache (187ms)
			ReleaseScriptCaches (0ms)
			RebuildScriptCaches (46ms)
			SetupLoadedEditorAssemblies (272ms)
				LogAssemblyErrors (0ms)
				InitializePlatformSupportModulesInManaged (6ms)
				SetLoadedEditorAssemblies (0ms)
				RefreshPlugins (0ms)
				BeforeProcessingInitializeOnLoad (50ms)
				ProcessInitializeOnLoadAttributes (184ms)
				ProcessInitializeOnLoadMethodAttributes (22ms)
				AfterProcessingInitializeOnLoad (9ms)
				EditorAssembliesLoaded (0ms)
			ExecutionOrderSort2 (0ms)
			AwakeInstancesAfterBackupRestoration (5ms)
Platform modules already initialized, skipping
========================================================================
Worker process is ready to serve import requests
Launched and connected shader compiler UnityShaderCompiler.exe after 0.08 seconds
Refreshing native plugins compatible for Editor in 0.36 ms, found 2 plugins.
Preloading 0 native plugins for Editor in 0.00 ms.
Unloading 1340 Unused Serialized files (Serialized files now loaded: 0)
Unloading 16 unused Assets / (56.5 KB). Loaded Objects now: 1826.
Memory consumption went from 74.8 MB to 74.8 MB.
Total: 3.960300 ms (FindLiveObjects: 0.252800 ms CreateObjectMapping: 0.067500 ms MarkObjects: 3.506800 ms  DeleteObjects: 0.125600 ms)

AssetImportParameters requested are different than current active one (requested -> active):
  custom:video-decoder-ogg-theora: a1e56fd34408186e4bbccfd4996cb3dc -> 
  custom:container-muxer-webm: aa71ff27fc2769a1b78a27578f13a17b -> 
  custom:container-demuxer-webm: 4f35f7cbe854078d1ac9338744f61a02 -> 
  custom:video-encoder-webm-vp8: eb34c28f22e8b96e1ab97ce403110664 -> 
  custom:video-codec-MediaFoundation-h265: 746d11721c4dcdbdad8f713fa42b33f4 -> 
  custom:audio-encoder-webm-vorbis: bf7c407c2cedff20999df2af8eb42d56 -> 
  custom:framework-win-MediaFoundation: 216162199b28c13a410421893ffa2e32 -> 
  custom:container-demuxer-ogg: 62fdf1f143b41e24485cea50d1cbac27 -> 
  custom:video-decoder-webm-vp8: 9c59270c3fd7afecdb556c50c9e8de78 -> 
  custom:audio-decoder-ogg-vorbis: bf7c407c2cedff20999df2af8eb42d56 -> 
========================================================================
Received Import Request.
  Time since last request: 166238.504161 seconds.
  path: Assets/SimpleTownLite/_Materials/SimpleTownLite_Road.mat
  artifactKey: Guid(2191478c1f641c245b4fe9449817a0b7) Importer(815301076,1909f56bfc062723c751e8b465ee728b)
Start importing Assets/SimpleTownLite/_Materials/SimpleTownLite_Road.mat using Guid(2191478c1f641c245b4fe9449817a0b7) Importer(815301076,1909f56bfc062723c751e8b465ee728b)  -> (artifact id: '885a09183f628b7ca4c25b8fe2b77435') in 0.176870 seconds 
========================================================================
Received Import Request.
  Time since last request: 0.000024 seconds.
  path: Assets/SimpleTownLite/_Materials/Vehicle_HotdogTruck.mat
  artifactKey: Guid(193e088cd19da464695e5e4484747187) Importer(815301076,1909f56bfc062723c751e8b465ee728b)
Start importing Assets/SimpleTownLite/_Materials/Vehicle_HotdogTruck.mat using Guid(193e088cd19da464695e5e4484747187) Importer(815301076,1909f56bfc062723c751e8b465ee728b)  -> (artifact id: 'b9cfbe9c9c7f904d82272b14fa70f99b') in 0.025924 seconds 
========================================================================
Received Import Request.
  Time since last request: 0.000032 seconds.
  path: Assets/SimpleTownLite/_Materials/SimpleTownLite_Billboard.mat
  artifactKey: Guid(219967ce9dc9a8f4d9ab8a7d1d14cf9d) Importer(815301076,1909f56bfc062723c751e8b465ee728b)
Start importing Assets/SimpleTownLite/_Materials/SimpleTownLite_Billboard.mat using Guid(219967ce9dc9a8f4d9ab8a7d1d14cf9d) Importer(815301076,1909f56bfc062723c751e8b465ee728b)  -> (artifact id: '5c2efced7eaa363cc211d08b9a6a5e53') in 0.019123 seconds 
========================================================================
Received Import Request.
  Time since last request: 0.000019 seconds.
  path: Assets/Park/Materials/Grass.mat
  artifactKey: Guid(240e05a8bd75c4b44978cec5eeda76f0) Importer(815301076,1909f56bfc062723c751e8b465ee728b)
Start importing Assets/Park/Materials/Grass.mat using Guid(240e05a8bd75c4b44978cec5eeda76f0) Importer(815301076,1909f56bfc062723c751e8b465ee728b)  -> (artifact id: '1a83ea8060e6c17f2ffaef8f0bd446de') in 0.015235 seconds 
========================================================================
Received Import Request.
  Time since last request: 0.000024 seconds.
  path: Assets/SimpleTownLite/_Materials/Building_PizzaShop.mat
  artifactKey: Guid(6d000355347ab5149935f042676bbc0c) Importer(815301076,1909f56bfc062723c751e8b465ee728b)
Start importing Assets/SimpleTownLite/_Materials/Building_PizzaShop.mat using Guid(6d000355347ab5149935f042676bbc0c) Importer(815301076,1909f56bfc062723c751e8b465ee728b)  -> (artifact id: '8c9640f45096a48406b24e04124c63fb') in 0.016523 seconds 
========================================================================
Received Import Request.
  Time since last request: 0.000040 seconds.
  path: Assets/Garbage Truck/Materials/Garbage_Truck.mat
  artifactKey: Guid(b5adcf2396958d94fa26c1e2f2da614c) Importer(815301076,1909f56bfc062723c751e8b465ee728b)
Start importing Assets/Garbage Truck/Materials/Garbage_Truck.mat using Guid(b5adcf2396958d94fa26c1e2f2da614c) Importer(815301076,1909f56bfc062723c751e8b465ee728b)  -> (artifact id: '15e12cfa5c23d8967063a3ed5852f4f6') in 0.036786 seconds 
========================================================================
Received Import Request.
  Time since last request: 0.000016 seconds.
  path: Assets/Park/Materials/Low_Poly_Mat.mat
  artifactKey: Guid(97624b71c12bc624ba1e7148e6470055) Importer(815301076,1909f56bfc062723c751e8b465ee728b)
Start importing Assets/Park/Materials/Low_Poly_Mat.mat using Guid(97624b71c12bc624ba1e7148e6470055) Importer(815301076,1909f56bfc062723c751e8b465ee728b)  -> (artifact id: '033788e9c3db678442fe03fcb785b258') in 0.017839 seconds 
========================================================================
Received Import Request.
  Time since last request: 0.000022 seconds.
  path: Assets/SimpleTownLite/_Materials/SimpleTownLite_Dumpster.mat
  artifactKey: Guid(368fc3419e8bed246ae940f068c776bf) Importer(815301076,1909f56bfc062723c751e8b465ee728b)
Start importing Assets/SimpleTownLite/_Materials/SimpleTownLite_Dumpster.mat using Guid(368fc3419e8bed246ae940f068c776bf) Importer(815301076,1909f56bfc062723c751e8b465ee728b)  -> (artifact id: '9e4f6147003ab317b0d5fd093ada1dd9') in 0.016439 seconds 
========================================================================
Received Import Request.
  Time since last request: 7.052452 seconds.
  path: Assets/Park/Models/Bench.fbx
  artifactKey: Guid(30d872e7273ede5469e4fa7526c55130) Importer(815301076,1909f56bfc062723c751e8b465ee728b)
Start importing Assets/Park/Models/Bench.fbx using Guid(30d872e7273ede5469e4fa7526c55130) Importer(815301076,1909f56bfc062723c751e8b465ee728b)  -> (artifact id: '7cc58759bc0d4a0fb60da115140be35f') in 0.075631 seconds 
========================================================================
Received Import Request.
  Time since last request: 0.000017 seconds.
  path: Assets/Garbage Truck/Models/Garbage_Truck.FBX
  artifactKey: Guid(c33487a0fa8a1924daff3d8be12d59ec) Importer(815301076,1909f56bfc062723c751e8b465ee728b)
Start importing Assets/Garbage Truck/Models/Garbage_Truck.FBX using Guid(c33487a0fa8a1924daff3d8be12d59ec) Importer(815301076,1909f56bfc062723c751e8b465ee728b)  -> (artifact id: '509e954b46a164b9f9c1082bd4055605') in 0.085450 seconds 
========================================================================
Received Import Request.
  Time since last request: 0.000021 seconds.
  path: Assets/Park/Models/Flower_1.fbx
  artifactKey: Guid(66abc4e0dfcc6bf478424249b8cfa8cc) Importer(815301076,1909f56bfc062723c751e8b465ee728b)
Start importing Assets/Park/Models/Flower_1.fbx using Guid(66abc4e0dfcc6bf478424249b8cfa8cc) Importer(815301076,1909f56bfc062723c751e8b465ee728b)  -> (artifact id: '58a85d3e498f79a7e78a593ae58b2cb2') in 0.037156 seconds 
========================================================================
Received Import Request.
  Time since last request: 0.000026 seconds.
  path: Assets/Park/Models/Stone_Path_EdgePiece2.fbx
  artifactKey: Guid(bbe04970bb9d1774aa834e9af4a60b38) Importer(815301076,1909f56bfc062723c751e8b465ee728b)
Start importing Assets/Park/Models/Stone_Path_EdgePiece2.fbx using Guid(bbe04970bb9d1774aa834e9af4a60b38) Importer(815301076,1909f56bfc062723c751e8b465ee728b)  -> (artifact id: '05bb05cb462c2151dd3dd4d555ea717e') in 0.029923 seconds 
========================================================================
Received Import Request.
  Time since last request: 0.000016 seconds.
  path: Assets/Park/Models/Stone_Path_TPart.fbx
  artifactKey: Guid(e677a06aa69708643808aa73b6e5ea44) Importer(815301076,1909f56bfc062723c751e8b465ee728b)
Start importing Assets/Park/Models/Stone_Path_TPart.fbx using Guid(e677a06aa69708643808aa73b6e5ea44) Importer(815301076,1909f56bfc062723c751e8b465ee728b)  -> (artifact id: '42b2cdf12349ff527897ca4e298193b5') in 0.031287 seconds 
========================================================================
Received Import Request.
  Time since last request: 0.000029 seconds.
  path: Assets/Player/Animations/jump.fbx
  artifactKey: Guid(785a810444c2e414c945f436cbcce024) Importer(815301076,1909f56bfc062723c751e8b465ee728b)
Start importing Assets/Player/Animations/jump.fbx using Guid(785a810444c2e414c945f436cbcce024) Importer(815301076,1909f56bfc062723c751e8b465ee728b)  -> (artifact id: '44c6296cee0c8b9a8c7cd44da9be1e20') in 0.011381 seconds 
========================================================================
Received Import Request.
  Time since last request: 0.000021 seconds.
  path: Assets/Park/Models/Tree2.fbx
  artifactKey: Guid(e4c3a76f690d2b341b188a2408c4c00f) Importer(815301076,1909f56bfc062723c751e8b465ee728b)
Start importing Assets/Park/Models/Tree2.fbx using Guid(e4c3a76f690d2b341b188a2408c4c00f) Importer(815301076,1909f56bfc062723c751e8b465ee728b)  -> (artifact id: 'dc876af9ffc1590d79a7d6205ab03065') in 0.031064 seconds 
========================================================================
Received Import Request.
  Time since last request: 0.000036 seconds.
  path: Assets/Park/Models/Stone_Path_Bank.fbx
  artifactKey: Guid(8171e3b3272507049b22f3076cd1518f) Importer(815301076,1909f56bfc062723c751e8b465ee728b)
Start importing Assets/Park/Models/Stone_Path_Bank.fbx using Guid(8171e3b3272507049b22f3076cd1518f) Importer(815301076,1909f56bfc062723c751e8b465ee728b)  -> (artifact id: '7b591d4318217e2af36c03ecd242ad5b') in 0.031181 seconds 
========================================================================
Received Import Request.
  Time since last request: 0.000024 seconds.
  path: Assets/Park/Models/Stone2.fbx
  artifactKey: Guid(1714c95ef136a5548bd559835cad51e7) Importer(815301076,1909f56bfc062723c751e8b465ee728b)
Start importing Assets/Park/Models/Stone2.fbx using Guid(1714c95ef136a5548bd559835cad51e7) Importer(815301076,1909f56bfc062723c751e8b465ee728b)  -> (artifact id: 'ded1ff6bf089a5bf6f83aa47efa16733') in 0.028526 seconds 
========================================================================
Received Import Request.
  Time since last request: 0.000017 seconds.
  path: Assets/Park/Models/Flower Box.fbx
  artifactKey: Guid(c10c625b7658b5649ab1801f59185fb5) Importer(815301076,1909f56bfc062723c751e8b465ee728b)
Start importing Assets/Park/Models/Flower Box.fbx using Guid(c10c625b7658b5649ab1801f59185fb5) Importer(815301076,1909f56bfc062723c751e8b465ee728b)  -> (artifact id: 'a00b14665aaf3e33f023c42b55a2aea3') in 0.031089 seconds 
========================================================================
Received Import Request.
  Time since last request: 0.000035 seconds.
  path: Assets/Park/Models/Grass_01.fbx
  artifactKey: Guid(164443ba96beb14469c74db2e920ecb0) Importer(815301076,1909f56bfc062723c751e8b465ee728b)
Start importing Assets/Park/Models/Grass_01.fbx using Guid(164443ba96beb14469c74db2e920ecb0) Importer(815301076,1909f56bfc062723c751e8b465ee728b)  -> (artifact id: 'a16fbbf08ee98b5af3bcfa3b5041d9a1') in 0.024135 seconds 
========================================================================
Received Import Request.
  Time since last request: 0.000550 seconds.
  path: Assets/SimpleTownLite/_Models/pizza_car_seperate.fbx
  artifactKey: Guid(fdf198beaeb6dc0478fc1a23628dd236) Importer(815301076,1909f56bfc062723c751e8b465ee728b)
Start importing Assets/SimpleTownLite/_Models/pizza_car_seperate.fbx using Guid(fdf198beaeb6dc0478fc1a23628dd236) Importer(815301076,1909f56bfc062723c751e8b465ee728b)  -> (artifact id: 'd4d0a6255007236d4250a31c64b42132') in 0.066900 seconds 
========================================================================
Received Import Request.
  Time since last request: 0.000018 seconds.
  path: Assets/Park/Models/Stone_Path_Corner_Variant2.fbx
  artifactKey: Guid(3716645d558358a4cada25d98a98a88c) Importer(815301076,1909f56bfc062723c751e8b465ee728b)
Start importing Assets/Park/Models/Stone_Path_Corner_Variant2.fbx using Guid(3716645d558358a4cada25d98a98a88c) Importer(815301076,1909f56bfc062723c751e8b465ee728b)  -> (artifact id: 'a069bab1109d14183d270b88dd8ec3b8') in 0.019130 seconds 
========================================================================
Received Import Request.
  Time since last request: 0.000022 seconds.
  path: Assets/Park/Models/Tree1.fbx
  artifactKey: Guid(c8d83c4330305284d998e89bf4b3ff32) Importer(815301076,1909f56bfc062723c751e8b465ee728b)
Start importing Assets/Park/Models/Tree1.fbx using Guid(c8d83c4330305284d998e89bf4b3ff32) Importer(815301076,1909f56bfc062723c751e8b465ee728b)  -> (artifact id: '8ea78cda615c3deea1d78bede18674de') in 0.018717 seconds 
========================================================================
Received Import Request.
  Time since last request: 0.000018 seconds.
  path: Assets/SimpleTownLite/_Models/pizza_shop.fbx
  artifactKey: Guid(3ec4f3de9ec32a141be201911c7dd85e) Importer(815301076,1909f56bfc062723c751e8b465ee728b)
Start importing Assets/SimpleTownLite/_Models/pizza_shop.fbx using Guid(3ec4f3de9ec32a141be201911c7dd85e) Importer(815301076,1909f56bfc062723c751e8b465ee728b)  -> (artifact id: 'a01c001d12a91ad30e00e9cd6cd757b6') in 0.019689 seconds 
========================================================================
Received Import Request.
  Time since last request: 0.000018 seconds.
  path: Assets/Player/Animations/idle.fbx
  artifactKey: Guid(0ac026bc535fab248a8e31fbac756dc1) Importer(815301076,1909f56bfc062723c751e8b465ee728b)
Start importing Assets/Player/Animations/idle.fbx using Guid(0ac026bc535fab248a8e31fbac756dc1) Importer(815301076,1909f56bfc062723c751e8b465ee728b)  -> (artifact id: '1a954b62be2c253f0a7d415b622da7c8') in 0.009518 seconds 
========================================================================
Received Import Request.
  Time since last request: 0.000016 seconds.
  path: Assets/Player/Animations/run.fbx
  artifactKey: Guid(eed06740d41edba42acbe74890788034) Importer(815301076,1909f56bfc062723c751e8b465ee728b)
Start importing Assets/Player/Animations/run.fbx using Guid(eed06740d41edba42acbe74890788034) Importer(815301076,1909f56bfc062723c751e8b465ee728b)  -> (artifact id: '8aff7a0a42c5b353124fa15a89620e1c') in 0.009460 seconds 
========================================================================
Received Import Request.
  Time since last request: 2.966626 seconds.
  path: Assets/SimpleTownLite/_Prefabs/Building_Apartment.prefab
  artifactKey: Guid(6aad3078276ab4d47916c4d88e1722cd) Importer(815301076,1909f56bfc062723c751e8b465ee728b)
Start importing Assets/SimpleTownLite/_Prefabs/Building_Apartment.prefab using Guid(6aad3078276ab4d47916c4d88e1722cd) Importer(815301076,1909f56bfc062723c751e8b465ee728b)  -> (artifact id: '9f296d952046b5188a163409f57e9a05') in 0.025742 seconds 
========================================================================
Received Import Request.
  Time since last request: 0.000014 seconds.
  path: Assets/Park/Prefab/Stone1.prefab
  artifactKey: Guid(fd7967a473bbbca4a83cf83b44fb7bb6) Importer(815301076,1909f56bfc062723c751e8b465ee728b)
Start importing Assets/Park/Prefab/Stone1.prefab using Guid(fd7967a473bbbca4a83cf83b44fb7bb6) Importer(815301076,1909f56bfc062723c751e8b465ee728b)  -> (artifact id: '10aea8f7d0b5bd6b129bfcfd3b0d1080') in 0.025800 seconds 
========================================================================
Received Import Request.
  Time since last request: 0.000016 seconds.
  path: Assets/Park/Prefab/Stone_Path_Bank.prefab
  artifactKey: Guid(092aabb8628e09e46ab22ed75bd34723) Importer(815301076,1909f56bfc062723c751e8b465ee728b)
Start importing Assets/Park/Prefab/Stone_Path_Bank.prefab using Guid(092aabb8628e09e46ab22ed75bd34723) Importer(815301076,1909f56bfc062723c751e8b465ee728b)  -> (artifact id: '2b29bfec38778a9637c903c8440b18ab') in 0.024030 seconds 
========================================================================
Received Import Request.
  Time since last request: 0.000021 seconds.
  path: Assets/Garbage Truck/Prefabs/Garbage_Truck.prefab
  artifactKey: Guid(3795a83a4ca3141479c7b06af99a7f16) Importer(815301076,1909f56bfc062723c751e8b465ee728b)
Start importing Assets/Garbage Truck/Prefabs/Garbage_Truck.prefab using Guid(3795a83a4ca3141479c7b06af99a7f16) Importer(815301076,1909f56bfc062723c751e8b465ee728b)  -> (artifact id: '4d8958cac5391725e4ed3e732617a5d3') in 0.041426 seconds 
========================================================================
Received Import Request.
  Time since last request: 0.000018 seconds.
  path: Assets/Park/Prefab/Flower Box.prefab
  artifactKey: Guid(6e6cad4759f15bd48b12cedb96e4c40e) Importer(815301076,1909f56bfc062723c751e8b465ee728b)
Start importing Assets/Park/Prefab/Flower Box.prefab using Guid(6e6cad4759f15bd48b12cedb96e4c40e) Importer(815301076,1909f56bfc062723c751e8b465ee728b)  -> (artifact id: '59b39ad41131a6dacb0eb4b0399c6f04') in 0.023212 seconds 
========================================================================
Received Import Request.
  Time since last request: 0.000019 seconds.
  path: Assets/Park/Prefab/Tree1.prefab
  artifactKey: Guid(d0540a66e665f984eab241d84c8a9963) Importer(815301076,1909f56bfc062723c751e8b465ee728b)
Start importing Assets/Park/Prefab/Tree1.prefab using Guid(d0540a66e665f984eab241d84c8a9963) Importer(815301076,1909f56bfc062723c751e8b465ee728b)  -> (artifact id: 'a07967530f6d8b89d8a706bdab1e4c2b') in 0.016361 seconds 
========================================================================
Received Import Request.
  Time since last request: 0.000020 seconds.
  path: Assets/SimpleTownLite/_Prefabs/Prop_Bin.prefab
  artifactKey: Guid(b315fa776449eec44a8591af7353afe8) Importer(815301076,1909f56bfc062723c751e8b465ee728b)
Start importing Assets/SimpleTownLite/_Prefabs/Prop_Bin.prefab using Guid(b315fa776449eec44a8591af7353afe8) Importer(815301076,1909f56bfc062723c751e8b465ee728b)  -> (artifact id: '2836fbb131bc323b6b1583c4402c0f07') in 0.018957 seconds 
========================================================================
Received Import Request.
  Time since last request: 0.000030 seconds.
  path: Assets/SimpleTownLite/_Prefabs/Prop_Billboard.prefab
  artifactKey: Guid(8db24802b0170464c9267f3c45e6f7ea) Importer(815301076,1909f56bfc062723c751e8b465ee728b)
Start importing Assets/SimpleTownLite/_Prefabs/Prop_Billboard.prefab using Guid(8db24802b0170464c9267f3c45e6f7ea) Importer(815301076,1909f56bfc062723c751e8b465ee728b)  -> (artifact id: '55f0e270974c00cea6d2a3ed96b34cf4') in 0.023825 seconds 
========================================================================
Received Import Request.
  Time since last request: 0.000017 seconds.
  path: Assets/Park/Prefab/Bush.prefab
  artifactKey: Guid(357b31d3b75bae24ba0434ac20bfa6d3) Importer(815301076,1909f56bfc062723c751e8b465ee728b)
Start importing Assets/Park/Prefab/Bush.prefab using Guid(357b31d3b75bae24ba0434ac20bfa6d3) Importer(815301076,1909f56bfc062723c751e8b465ee728b)  -> (artifact id: '68caa84f7a1e98abcc4e00f783b3946f') in 0.029600 seconds 
========================================================================
Received Import Request.
  Time since last request: 0.000023 seconds.
  path: Assets/Park/Prefab/Stone_Path_EdgePiece.prefab
  artifactKey: Guid(c6e854f638107994fb7fcaf03c48c38e) Importer(815301076,1909f56bfc062723c751e8b465ee728b)
Start importing Assets/Park/Prefab/Stone_Path_EdgePiece.prefab using Guid(c6e854f638107994fb7fcaf03c48c38e) Importer(815301076,1909f56bfc062723c751e8b465ee728b)  -> (artifact id: '95ccfada9493901d54dfa8153ea11cf9') in 0.025385 seconds 
========================================================================
Received Import Request.
  Time since last request: 0.000015 seconds.
  path: Assets/Park/Prefab/Stone_Path_TPart.prefab
  artifactKey: Guid(c5781e87846ceb645852c2040bdb020b) Importer(815301076,1909f56bfc062723c751e8b465ee728b)
Start importing Assets/Park/Prefab/Stone_Path_TPart.prefab using Guid(c5781e87846ceb645852c2040bdb020b) Importer(815301076,1909f56bfc062723c751e8b465ee728b)  -> (artifact id: '352740d4f3b5bcd23e351efef84ceceb') in 0.025810 seconds 
========================================================================
Received Import Request.
  Time since last request: 0.000020 seconds.
  path: Assets/Park/Prefab/Cloud.prefab
  artifactKey: Guid(167eea3bc677b924a931082264cd3fbb) Importer(815301076,1909f56bfc062723c751e8b465ee728b)
Start importing Assets/Park/Prefab/Cloud.prefab using Guid(167eea3bc677b924a931082264cd3fbb) Importer(815301076,1909f56bfc062723c751e8b465ee728b)  -> (artifact id: '601a828efaf96c908216de28c1025866') in 0.016252 seconds 
========================================================================
Received Import Request.
  Time since last request: 0.000019 seconds.
  path: Assets/Park/Prefab/Stone_Path_Corner.prefab
  artifactKey: Guid(40fde63072590934b8ba90c1b2cab00a) Importer(815301076,1909f56bfc062723c751e8b465ee728b)
Start importing Assets/Park/Prefab/Stone_Path_Corner.prefab using Guid(40fde63072590934b8ba90c1b2cab00a) Importer(815301076,1909f56bfc062723c751e8b465ee728b)  -> (artifact id: '07d5e4cc9815c8a79b9c2ea38addfb31') in 0.015858 seconds 
========================================================================
Received Import Request.
  Time since last request: 0.000014 seconds.
  path: Assets/Park/Prefab/Stone_Path_Straight.prefab
  artifactKey: Guid(2294ac72b60f4da46974d1f746b56439) Importer(815301076,1909f56bfc062723c751e8b465ee728b)
Start importing Assets/Park/Prefab/Stone_Path_Straight.prefab using Guid(2294ac72b60f4da46974d1f746b56439) Importer(815301076,1909f56bfc062723c751e8b465ee728b)  -> (artifact id: '60fc600aa3fc504eb2e20183943dc9fa') in 0.016792 seconds 
